[2021-01-26 08:22:33Z INFO HostContext] No proxy settings were found based on environmental variables (http_proxy/https_proxy/HTTP_PROXY/HTTPS_PROXY)
[2021-01-26 08:22:33Z INFO HostContext] Well known directory 'Bin': '/home/ijarus/Documents/nodejs/hello-world-node-express/actions-runner/bin'
[2021-01-26 08:22:33Z INFO HostContext] Well known directory 'Root': '/home/ijarus/Documents/nodejs/hello-world-node-express/actions-runner'
[2021-01-26 08:22:33Z INFO HostContext] Well known config file 'Credentials': '/home/ijarus/Documents/nodejs/hello-world-node-express/actions-runner/.credentials'
[2021-01-26 08:22:34Z INFO Worker] Version: 2.276.1
[2021-01-26 08:22:34Z INFO Worker] Commit: 5effa808be96eae7f2e08d713426b8d056bddff1
[2021-01-26 08:22:34Z INFO Worker] Culture: en-US
[2021-01-26 08:22:34Z INFO Worker] UI Culture: en-US
[2021-01-26 08:22:34Z INFO Worker] Waiting to receive the job message from the channel.
[2021-01-26 08:22:34Z INFO Worker] Message received.
[2021-01-26 08:22:34Z INFO Worker] Job message:
 {
  "fileTable": [
    ".github/workflows/node-ci-deployment.yml"
  ],
  "mask": [
    {
      "type": "regex",
      "value": "***"
    },
    {
      "type": "regex",
      "value": "***"
    },
    {
      "type": "regex",
      "value": "***"
    },
    {
      "type": "regex",
      "value": "***"
    },
    {
      "type": "regex",
      "value": "***"
    },
    {
      "type": "regex",
      "value": "***"
    },
    {
      "type": "regex",
      "value": "***"
    },
    {
      "type": "regex",
      "value": "***"
    },
    {
      "type": "regex",
      "value": "***"
    }
  ],
  "steps": [
    {
      "type": "action",
      "reference": {
        "type": "repository",
        "name": "actions/checkout",
        "ref": "v2",
        "repositoryType": "GitHub",
        "path": ""
      },
      "condition": "success()",
      "id": "59bee84a-f4ee-5726-f91d-a778b4e07684",
      "name": "actionscheckout"
    },
    {
      "type": "action",
      "reference": {
        "type": "repository",
        "name": "actions/setup-node",
        "ref": "v1",
        "repositoryType": "GitHub",
        "path": ""
      },
      "displayNameToken": {
        "type": 3,
        "file": 1,
        "line": 14,
        "col": 13,
        "expr": "format('Use Node.js {0}', matrix.node-version)"
      },
      "inputs": {
        "type": 2,
        "file": 1,
        "line": 17,
        "col": 9,
        "map": [
          {
            "key": {
              "type": 0,
              "file": 1,
              "line": 17,
              "col": 9,
              "lit": "node-version"
            },
            "value": {
              "type": 3,
              "file": 1,
              "line": 17,
              "col": 23,
              "expr": "matrix.node-version"
            }
          }
        ]
      },
      "condition": "success()",
      "id": "f3bfb20a-35be-55d8-65dc-cc4ecd1815c7",
      "name": "actionssetup-node"
    },
    {
      "type": "action",
      "reference": {
        "type": "script"
      },
      "displayNameToken": {
        "type": 0,
        "file": 1,
        "line": 18,
        "col": 13,
        "lit": "npm install and test"
      },
      "environment": {
        "type": 2,
        "file": 1,
        "line": 24,
        "col": 9,
        "map": [
          {
            "key": {
              "type": 0,
              "file": 1,
              "line": 24,
              "col": 9,
              "lit": "CI"
            },
            "value": {
              "type": 0,
              "file": 1,
              "line": 24,
              "col": 13,
              "lit": "true"
            }
          }
        ]
      },
      "inputs": {
        "type": 2,
        "map": [
          {
            "key": "script",
            "value": {
              "type": 0,
              "file": 1,
              "line": 19,
              "col": 12,
              "lit": "npm install\nnpm run build\npm2 start npm -- start\n"
            }
          }
        ]
      },
      "condition": "success()",
      "id": "0b9a4a5c-59bc-5be3-5f08-182441507277",
      "name": "run"
    },
    {
      "type": "action",
      "reference": {
        "type": "repository",
        "name": "docker/login-action",
        "ref": "v1",
        "repositoryType": "GitHub",
        "path": ""
      },
      "displayNameToken": {
        "type": 0,
        "file": 1,
        "line": 25,
        "col": 13,
        "lit": "Login to Docker Hub"
      },
      "inputs": {
        "type": 2,
        "file": 1,
        "line": 28,
        "col": 9,
        "map": [
          {
            "key": {
              "type": 0,
              "file": 1,
              "line": 28,
              "col": 9,
              "lit": "username"
            },
            "value": {
              "type": 3,
              "file": 1,
              "line": 28,
              "col": 19,
              "expr": "secrets.DOCKERHUB_USERNAME"
            }
          },
          {
            "key": {
              "type": 0,
              "file": 1,
              "line": 29,
              "col": 9,
              "lit": "password"
            },
            "value": {
              "type": 3,
              "file": 1,
              "line": 29,
              "col": 19,
              "expr": "secrets.DOCKERHUB_TOKEN"
            }
          }
        ]
      },
      "condition": "success()",
      "id": "2ff3b316-04dd-5f58-8396-2e1dba7b5669",
      "name": "dockerlogin-action"
    },
    {
      "type": "action",
      "reference": {
        "type": "repository",
        "name": "docker/build-push-action",
        "ref": "v2",
        "repositoryType": "GitHub",
        "path": ""
      },
      "displayNameToken": {
        "type": 0,
        "file": 1,
        "line": 30,
        "col": 13,
        "lit": "Build and push"
      },
      "contextName": "docker_build",
      "inputs": {
        "type": 2,
        "file": 1,
        "line": 34,
        "col": 9,
        "map": [
          {
            "key": {
              "type": 0,
              "file": 1,
              "line": 34,
              "col": 9,
              "lit": "context"
            },
            "value": {
              "type": 0,
              "file": 1,
              "line": 34,
              "col": 18,
              "lit": "./"
            }
          },
          {
            "key": {
              "type": 0,
              "file": 1,
              "line": 35,
              "col": 9,
              "lit": "file"
            },
            "value": {
              "type": 0,
              "file": 1,
              "line": 35,
              "col": 15,
              "lit": "./Dockerfile"
            }
          },
          {
            "key": {
              "type": 0,
              "file": 1,
              "line": 36,
              "col": 9,
              "lit": "push"
            },
            "value": {
              "type": 0,
              "file": 1,
              "line": 36,
              "col": 15,
              "lit": "true"
            }
          },
          {
            "key": {
              "type": 0,
              "file": 1,
              "line": 37,
              "col": 9,
              "lit": "tags"
            },
            "value": {
              "type": 0,
              "file": 1,
              "line": 37,
              "col": 15,
              "lit": "***/node-hello:v1"
            }
          }
        ]
      },
      "condition": "success()",
      "id": "02aef40b-43a4-5db8-ac89-be45ea0db6f0",
      "name": "dockerbuild-push-action"
    }
  ],
  "variables": {
    "DOCKERHUB_TOKEN": {
      "value": "***",
      "isSecret": true
    },
    "DOCKERHUB_USERNAME": {
      "value": "***",
      "isSecret": true
    },
    "system.runnerGroupName": {
      "value": "Default"
    },
    "github_token": {
      "value": "***",
      "isSecret": true
    },
    "system.github.token": {
      "value": "***",
      "isSecret": true
    },
    "system.isScheduled": {
      "value": "False"
    },
    "system": {
      "value": "actions"
    },
    "system.hosttype": {
      "value": "actions"
    },
    "system.servertype": {
      "value": "Hosted"
    },
    "system.culture": {
      "value": "en-US"
    },
    "system.collectionId": {
      "value": "bc1824f5-3924-42be-bba1-423d18c48677"
    },
    "system.collectionUri": {
      "value": "https://pipelines.actions.githubusercontent.com/Iy1yJgWeRGbT6E8Z98hOdu4sLMQqlmRbl6WBAOJPdfeBzpf73t/"
    },
    "system.taskDefinitionsUri": {
      "value": "https://pipelines.actions.githubusercontent.com/Iy1yJgWeRGbT6E8Z98hOdu4sLMQqlmRbl6WBAOJPdfeBzpf73t/"
    },
    "system.pipelineStartTime": {
      "value": "2021-01-26 08:22:30+00:00"
    },
    "system.definitionId": {
      "value": "3"
    },
    "system.runner.lowdiskspacethreshold": {
      "value": "100"
    },
    "DistributedTask.NewActionMetadata": {
      "value": "true"
    },
    "DistributedTask.UseContextNameForGITHUBACTION": {
      "value": "true"
    },
    "system.teamProjectId": {
      "value": "00000000-0000-0000-0000-000000000000"
    },
    "build.buildId": {
      "value": "25"
    },
    "build.containerId": {
      "value": "967953"
    },
    "system.definitionName": {
      "value": "guthubaction-test"
    },
    "system.planId": {
      "value": "ee1c2635-201b-42f6-a627-863a0575ef53"
    },
    "system.timelineId": {
      "value": "ee1c2635-201b-42f6-a627-863a0575ef53"
    },
    "system.stageDisplayName": {
      "value": "__default"
    },
    "system.stageId": {
      "value": "96ac2280-8cb4-5df5-99de-dd2da759617d"
    },
    "system.stageName": {
      "value": "__default"
    },
    "system.stageAttempt": {
      "value": "1"
    },
    "system.phaseDisplayName": {
      "value": "test"
    },
    "system.phaseId": {
      "value": "859b8d9a-8fd6-5a5c-6f5e-f84f1990894e"
    },
    "system.phaseName": {
      "value": "test"
    },
    "system.phaseAttempt": {
      "value": "1"
    },
    "system.jobIdentifier": {
      "value": "test._10_x"
    },
    "system.jobAttempt": {
      "value": "1"
    },
    "System.JobPositionInPhase": {
      "value": "1"
    },
    "System.TotalJobsInPhase": {
      "value": "2"
    },
    "system.github.job": {
      "value": "test"
    },
    "system.jobDisplayName": {
      "value": "test (10.x)"
    },
    "system.jobId": {
      "value": "6e18b7f8-3ecc-5512-8e6d-e7ce15e1cfb2"
    },
    "system.jobName": {
      "value": "_10_x"
    }
  },
  "messageType": "PipelineAgentJobRequest",
  "plan": {
    "scopeIdentifier": "00000000-0000-0000-0000-000000000000",
    "planType": "Actions",
    "version": 12,
    "planId": "ee1c2635-201b-42f6-a627-863a0575ef53",
    "planGroup": "Actions:00000000-0000-0000-0000-000000000000:1",
    "artifactUri": "vstfs:///Build/Build/25",
    "artifactLocation": null,
    "definition": {
      "_links": {},
      "id": 3,
      "name": "guthubaction-test"
    },
    "owner": {
      "_links": {},
      "id": 3,
      "name": "sjnyos"
    }
  },
  "timeline": {
    "id": "ee1c2635-201b-42f6-a627-863a0575ef53",
    "changeId": 11,
    "location": null
  },
  "jobId": "6e18b7f8-3ecc-5512-8e6d-e7ce15e1cfb2",
  "jobDisplayName": "test (10.x)",
  "jobName": "_10_x",
  "requestId": 9,
  "lockedUntil": "0001-01-01T00:00:00",
  "resources": {
    "endpoints": [
      {
        "data": {
          "ServerId": "bc1824f5-3924-42be-bba1-423d18c48677",
          "ServerName": "Iy1yJgWeRGbT6E8Z98hOdu4sLMQqlmRbl6WBAOJPdfeBzpf73t",
          "CacheServerUrl": "https://artifactcache.actions.githubusercontent.com/Iy1yJgWeRGbT6E8Z98hOdu4sLMQqlmRbl6WBAOJPdfeBzpf73t/"
        },
        "name": "SystemVssConnection",
        "url": "https://pipelines.actions.githubusercontent.com/Iy1yJgWeRGbT6E8Z98hOdu4sLMQqlmRbl6WBAOJPdfeBzpf73t/",
        "authorization": {
          "parameters": {
            "AccessToken": ***
          },
          "scheme": "OAuth"
        },
        "isShared": false,
        "isReady": true
      }
    ]
  },
  "contextData": {
    "github": {
      "t": 2,
      "d": [
        {
          "k": "ref",
          "v": "refs/heads/master"
        },
        {
          "k": "sha",
          "v": "2977066a446425b2e71ac83da47aa4b2d0f3cb5a"
        },
        {
          "k": "repository",
          "v": "sjnyos/guthubaction-test"
        },
        {
          "k": "repository_owner",
          "v": "sjnyos"
        },
        {
          "k": "repositoryUrl",
          "v": "git://github.com/sjnyos/guthubaction-test.git"
        },
        {
          "k": "run_id",
          "v": "511569423"
        },
        {
          "k": "run_number",
          "v": "4"
        },
        {
          "k": "retention_days",
          "v": "90"
        },
        {
          "k": "actor",
          "v": "sjnyos"
        },
        {
          "k": "workflow",
          "v": "Nodejs Git-Action with Deployment in VM"
        },
        {
          "k": "head_ref",
          "v": ""
        },
        {
          "k": "base_ref",
          "v": ""
        },
        {
          "k": "event_name",
          "v": "push"
        },
        {
          "k": "event",
          "v": {
            "t": 2,
            "d": [
              {
                "k": "after",
                "v": "2977066a446425b2e71ac83da47aa4b2d0f3cb5a"
              },
              {
                "k": "base_ref",
                "v": null
              },
              {
                "k": "before",
                "v": "452105387c0f08e36b2ec8e0a1a1ada831a0c232"
              },
              {
                "k": "commits",
                "v": {
                  "t": 1,
                  "a": [
                    {
                      "t": 2,
                      "d": [
                        {
                          "k": "author",
                          "v": {
                            "t": 2,
                            "d": [
                              {
                                "k": "email",
                                "v": "wrksuraj@gmail.com"
                              },
                              {
                                "k": "name",
                                "v": "ijarus"
                              },
                              {
                                "k": "username",
                                "v": "sjnyos"
                              }
                            ]
                          }
                        },
                        {
                          "k": "committer",
                          "v": {
                            "t": 2,
                            "d": [
                              {
                                "k": "email",
                                "v": "wrksuraj@gmail.com"
                              },
                              {
                                "k": "name",
                                "v": "ijarus"
                              },
                              {
                                "k": "username",
                                "v": "sjnyos"
                              }
                            ]
                          }
                        },
                        {
                          "k": "distinct",
                          "v": true
                        },
                        {
                          "k": "id",
                          "v": "2977066a446425b2e71ac83da47aa4b2d0f3cb5a"
                        },
                        {
                          "k": "message",
                          "v": "adding selfhosted server to run the build"
                        },
                        {
                          "k": "timestamp",
                          "v": "2021-01-26T14:06:36+05:45"
                        },
                        {
                          "k": "tree_id",
                          "v": "a7fdc661f88df8f6486775cc87938ec4288ac862"
                        },
                        {
                          "k": "url",
                          "v": "https://github.com/sjnyos/guthubaction-test/commit/2977066a446425b2e71ac83da47aa4b2d0f3cb5a"
                        }
                      ]
                    }
                  ]
                }
              },
              {
                "k": "compare",
                "v": "https://github.com/sjnyos/guthubaction-test/compare/452105387c0f...2977066a4464"
              },
              {
                "k": "created",
                "v": false
              },
              {
                "k": "deleted",
                "v": false
              },
              {
                "k": "forced",
                "v": false
              },
              {
                "k": "head_commit",
                "v": {
                  "t": 2,
                  "d": [
                    {
                      "k": "author",
                      "v": {
                        "t": 2,
                        "d": [
                          {
                            "k": "email",
                            "v": "wrksuraj@gmail.com"
                          },
                          {
                            "k": "name",
                            "v": "ijarus"
                          },
                          {
                            "k": "username",
                            "v": "sjnyos"
                          }
                        ]
                      }
                    },
                    {
                      "k": "committer",
                      "v": {
                        "t": 2,
                        "d": [
                          {
                            "k": "email",
                            "v": "wrksuraj@gmail.com"
                          },
                          {
                            "k": "name",
                            "v": "ijarus"
                          },
                          {
                            "k": "username",
                            "v": "sjnyos"
                          }
                        ]
                      }
                    },
                    {
                      "k": "distinct",
                      "v": true
                    },
                    {
                      "k": "id",
                      "v": "2977066a446425b2e71ac83da47aa4b2d0f3cb5a"
                    },
                    {
                      "k": "message",
                      "v": "adding selfhosted server to run the build"
                    },
                    {
                      "k": "timestamp",
                      "v": "2021-01-26T14:06:36+05:45"
                    },
                    {
                      "k": "tree_id",
                      "v": "a7fdc661f88df8f6486775cc87938ec4288ac862"
                    },
                    {
                      "k": "url",
                      "v": "https://github.com/sjnyos/guthubaction-test/commit/2977066a446425b2e71ac83da47aa4b2d0f3cb5a"
                    }
                  ]
                }
              },
              {
                "k": "pusher",
                "v": {
                  "t": 2,
                  "d": [
                    {
                      "k": "email",
                      "v": "53510376+sjnyos@users.noreply.github.com"
                    },
                    {
                      "k": "name",
                      "v": "sjnyos"
                    }
                  ]
                }
              },
              {
                "k": "ref",
                "v": "refs/heads/master"
              },
              {
                "k": "repository",
                "v": {
                  "t": 2,
                  "d": [
                    {
                      "k": "archive_url",
                      "v": "https://api.github.com/repos/sjnyos/guthubaction-test/{archive_format}{/ref}"
                    },
                    {
                      "k": "archived",
                      "v": false
                    },
                    {
                      "k": "assignees_url",
                      "v": "https://api.github.com/repos/sjnyos/guthubaction-test/assignees{/user}"
                    },
                    {
                      "k": "blobs_url",
                      "v": "https://api.github.com/repos/sjnyos/guthubaction-test/git/blobs{/sha}"
                    },
                    {
                      "k": "branches_url",
                      "v": "https://api.github.com/repos/sjnyos/guthubaction-test/branches{/branch}"
                    },
                    {
                      "k": "clone_url",
                      "v": "https://github.com/sjnyos/guthubaction-test.git"
                    },
                    {
                      "k": "collaborators_url",
                      "v": "https://api.github.com/repos/sjnyos/guthubaction-test/collaborators{/collaborator}"
                    },
                    {
                      "k": "comments_url",
                      "v": "https://api.github.com/repos/sjnyos/guthubaction-test/comments{/number}"
                    },
                    {
                      "k": "commits_url",
                      "v": "https://api.github.com/repos/sjnyos/guthubaction-test/commits{/sha}"
                    },
                    {
                      "k": "compare_url",
                      "v": "https://api.github.com/repos/sjnyos/guthubaction-test/compare/{base}...{head}"
                    },
                    {
                      "k": "contents_url",
                      "v": "https://api.github.com/repos/sjnyos/guthubaction-test/contents/{+path}"
                    },
                    {
                      "k": "contributors_url",
                      "v": "https://api.github.com/repos/sjnyos/guthubaction-test/contributors"
                    },
                    {
                      "k": "created_at",
                      "v": 1611640269.0
                    },
                    {
                      "k": "default_branch",
                      "v": "master"
                    },
                    {
                      "k": "deployments_url",
                      "v": "https://api.github.com/repos/sjnyos/guthubaction-test/deployments"
                    },
                    {
                      "k": "description",
                      "v": null
                    },
                    {
                      "k": "disabled",
                      "v": false
                    },
                    {
                      "k": "downloads_url",
                      "v": "https://api.github.com/repos/sjnyos/guthubaction-test/downloads"
                    },
                    {
                      "k": "events_url",
                      "v": "https://api.github.com/repos/sjnyos/guthubaction-test/events"
                    },
                    {
                      "k": "fork",
                      "v": false
                    },
                    {
                      "k": "forks",
                      "v": 0.0
                    },
                    {
                      "k": "forks_count",
                      "v": 0.0
                    },
                    {
                      "k": "forks_url",
                      "v": "https://api.github.com/repos/sjnyos/guthubaction-test/forks"
                    },
                    {
                      "k": "full_name",
                      "v": "sjnyos/guthubaction-test"
                    },
                    {
                      "k": "git_commits_url",
                      "v": "https://api.github.com/repos/sjnyos/guthubaction-test/git/commits{/sha}"
                    },
                    {
                      "k": "git_refs_url",
                      "v": "https://api.github.com/repos/sjnyos/guthubaction-test/git/refs{/sha}"
                    },
                    {
                      "k": "git_tags_url",
                      "v": "https://api.github.com/repos/sjnyos/guthubaction-test/git/tags{/sha}"
                    },
                    {
                      "k": "git_url",
                      "v": "git://github.com/sjnyos/guthubaction-test.git"
                    },
                    {
                      "k": "has_downloads",
                      "v": true
                    },
                    {
                      "k": "has_issues",
                      "v": true
                    },
                    {
                      "k": "has_pages",
                      "v": false
                    },
                    {
                      "k": "has_projects",
                      "v": true
                    },
                    {
                      "k": "has_wiki",
                      "v": true
                    },
                    {
                      "k": "homepage",
                      "v": null
                    },
                    {
                      "k": "hooks_url",
                      "v": "https://api.github.com/repos/sjnyos/guthubaction-test/hooks"
                    },
                    {
                      "k": "html_url",
                      "v": "https://github.com/sjnyos/guthubaction-test"
                    },
                    {
                      "k": "id",
                      "v": 332985723.0
                    },
                    {
                      "k": "issue_comment_url",
                      "v": "https://api.github.com/repos/sjnyos/guthubaction-test/issues/comments{/number}"
                    },
                    {
                      "k": "issue_events_url",
                      "v": "https://api.github.com/repos/sjnyos/guthubaction-test/issues/events{/number}"
                    },
                    {
                      "k": "issues_url",
                      "v": "https://api.github.com/repos/sjnyos/guthubaction-test/issues{/number}"
                    },
                    {
                      "k": "keys_url",
                      "v": "https://api.github.com/repos/sjnyos/guthubaction-test/keys{/key_id}"
                    },
                    {
                      "k": "labels_url",
                      "v": "https://api.github.com/repos/sjnyos/guthubaction-test/labels{/name}"
                    },
                    {
                      "k": "language",
                      "v": "C"
                    },
                    {
                      "k": "languages_url",
                      "v": "https://api.github.com/repos/sjnyos/guthubaction-test/languages"
                    },
                    {
                      "k": "license",
                      "v": null
                    },
                    {
                      "k": "master_branch",
                      "v": "master"
                    },
                    {
                      "k": "merges_url",
                      "v": "https://api.github.com/repos/sjnyos/guthubaction-test/merges"
                    },
                    {
                      "k": "milestones_url",
                      "v": "https://api.github.com/repos/sjnyos/guthubaction-test/milestones{/number}"
                    },
                    {
                      "k": "mirror_url",
                      "v": null
                    },
                    {
                      "k": "name",
                      "v": "guthubaction-test"
                    },
                    {
                      "k": "node_id",
                      "v": "MDEwOlJlcG9zaXRvcnkzMzI5ODU3MjM="
                    },
                    {
                      "k": "notifications_url",
                      "v": "https://api.github.com/repos/sjnyos/guthubaction-test/notifications{?since,all,participating}"
                    },
                    {
                      "k": "open_issues",
                      "v": 0.0
                    },
                    {
                      "k": "open_issues_count",
                      "v": 0.0
                    },
                    {
                      "k": "owner",
                      "v": {
                        "t": 2,
                        "d": [
                          {
                            "k": "avatar_url",
                            "v": "https://avatars.githubusercontent.com/u/53510376?v=4"
                          },
                          {
                            "k": "email",
                            "v": "53510376+sjnyos@users.noreply.github.com"
                          },
                          {
                            "k": "events_url",
                            "v": "https://api.github.com/users/sjnyos/events{/privacy}"
                          },
                          {
                            "k": "followers_url",
                            "v": "https://api.github.com/users/sjnyos/followers"
                          },
                          {
                            "k": "following_url",
                            "v": "https://api.github.com/users/sjnyos/following{/other_user}"
                          },
                          {
                            "k": "gists_url",
                            "v": "https://api.github.com/users/sjnyos/gists{/gist_id}"
                          },
                          {
                            "k": "gravatar_id",
                            "v": ""
                          },
                          {
                            "k": "html_url",
                            "v": "https://github.com/sjnyos"
                          },
                          {
                            "k": "id",
                            "v": 53510376.0
                          },
                          {
                            "k": "login",
                            "v": "sjnyos"
                          },
                          {
                            "k": "name",
                            "v": "sjnyos"
                          },
                          {
                            "k": "node_id",
                            "v": "MDQ6VXNlcjUzNTEwMzc2"
                          },
                          {
                            "k": "organizations_url",
                            "v": "https://api.github.com/users/sjnyos/orgs"
                          },
                          {
                            "k": "received_events_url",
                            "v": "https://api.github.com/users/sjnyos/received_events"
                          },
                          {
                            "k": "repos_url",
                            "v": "https://api.github.com/users/sjnyos/repos"
                          },
                          {
                            "k": "site_admin",
                            "v": false
                          },
                          {
                            "k": "starred_url",
                            "v": "https://api.github.com/users/sjnyos/starred{/owner}{/repo}"
                          },
                          {
                            "k": "subscriptions_url",
                            "v": "https://api.github.com/users/sjnyos/subscriptions"
                          },
                          {
                            "k": "type",
                            "v": "User"
                          },
                          {
                            "k": "url",
                            "v": "https://api.github.com/users/sjnyos"
                          }
                        ]
                      }
                    },
                    {
                      "k": "private",
                      "v": false
                    },
                    {
                      "k": "pulls_url",
                      "v": "https://api.github.com/repos/sjnyos/guthubaction-test/pulls{/number}"
                    },
                    {
                      "k": "pushed_at",
                      "v": 1611649322.0
                    },
                    {
                      "k": "releases_url",
                      "v": "https://api.github.com/repos/sjnyos/guthubaction-test/releases{/id}"
                    },
                    {
                      "k": "size",
                      "v": 258.0
                    },
                    {
                      "k": "ssh_url",
                      "v": "git@github.com:sjnyos/guthubaction-test.git"
                    },
                    {
                      "k": "stargazers",
                      "v": 0.0
                    },
                    {
                      "k": "stargazers_count",
                      "v": 0.0
                    },
                    {
                      "k": "stargazers_url",
                      "v": "https://api.github.com/repos/sjnyos/guthubaction-test/stargazers"
                    },
                    {
                      "k": "statuses_url",
                      "v": "https://api.github.com/repos/sjnyos/guthubaction-test/statuses/{sha}"
                    },
                    {
                      "k": "subscribers_url",
                      "v": "https://api.github.com/repos/sjnyos/guthubaction-test/subscribers"
                    },
                    {
                      "k": "subscription_url",
                      "v": "https://api.github.com/repos/sjnyos/guthubaction-test/subscription"
                    },
                    {
                      "k": "svn_url",
                      "v": "https://github.com/sjnyos/guthubaction-test"
                    },
                    {
                      "k": "tags_url",
                      "v": "https://api.github.com/repos/sjnyos/guthubaction-test/tags"
                    },
                    {
                      "k": "teams_url",
                      "v": "https://api.github.com/repos/sjnyos/guthubaction-test/teams"
                    },
                    {
                      "k": "trees_url",
                      "v": "https://api.github.com/repos/sjnyos/guthubaction-test/git/trees{/sha}"
                    },
                    {
                      "k": "updated_at",
                      "v": "2021-01-26T08:18:19Z"
                    },
                    {
                      "k": "url",
                      "v": "https://github.com/sjnyos/guthubaction-test"
                    },
                    {
                      "k": "watchers",
                      "v": 0.0
                    },
                    {
                      "k": "watchers_count",
                      "v": 0.0
                    }
                  ]
                }
              },
              {
                "k": "sender",
                "v": {
                  "t": 2,
                  "d": [
                    {
                      "k": "avatar_url",
                      "v": "https://avatars.githubusercontent.com/u/53510376?v=4"
                    },
                    {
                      "k": "events_url",
                      "v": "https://api.github.com/users/sjnyos/events{/privacy}"
                    },
                    {
                      "k": "followers_url",
                      "v": "https://api.github.com/users/sjnyos/followers"
                    },
                    {
                      "k": "following_url",
                      "v": "https://api.github.com/users/sjnyos/following{/other_user}"
                    },
                    {
                      "k": "gists_url",
                      "v": "https://api.github.com/users/sjnyos/gists{/gist_id}"
                    },
                    {
                      "k": "gravatar_id",
                      "v": ""
                    },
                    {
                      "k": "html_url",
                      "v": "https://github.com/sjnyos"
                    },
                    {
                      "k": "id",
                      "v": 53510376.0
                    },
                    {
                      "k": "login",
                      "v": "sjnyos"
                    },
                    {
                      "k": "node_id",
                      "v": "MDQ6VXNlcjUzNTEwMzc2"
                    },
                    {
                      "k": "organizations_url",
                      "v": "https://api.github.com/users/sjnyos/orgs"
                    },
                    {
                      "k": "received_events_url",
                      "v": "https://api.github.com/users/sjnyos/received_events"
                    },
                    {
                      "k": "repos_url",
                      "v": "https://api.github.com/users/sjnyos/repos"
                    },
                    {
                      "k": "site_admin",
                      "v": false
                    },
                    {
                      "k": "starred_url",
                      "v": "https://api.github.com/users/sjnyos/starred{/owner}{/repo}"
                    },
                    {
                      "k": "subscriptions_url",
                      "v": "https://api.github.com/users/sjnyos/subscriptions"
                    },
                    {
                      "k": "type",
                      "v": "User"
                    },
                    {
                      "k": "url",
                      "v": "https://api.github.com/users/sjnyos"
                    }
                  ]
                }
              }
            ]
          }
        },
        {
          "k": "server_url",
          "v": "https://github.com"
        },
        {
          "k": "api_url",
          "v": "https://api.github.com"
        },
        {
          "k": "graphql_url",
          "v": "https://api.github.com/graphql"
        }
      ]
    },
    "needs": {
      "t": 2
    },
    "matrix": {
      "t": 2,
      "d": [
        {
          "k": "node-version",
          "v": "10.x"
        }
      ]
    },
    "strategy": {
      "t": 2,
      "d": [
        {
          "k": "fail-fast",
          "v": true
        },
        {
          "k": "job-index",
          "v": 0.0
        },
        {
          "k": "job-total",
          "v": 2.0
        },
        {
          "k": "max-parallel",
          "v": 2.0
        }
      ]
    }
  }
}
[2021-01-26 08:22:34Z INFO JobRunner] Job ID 6e18b7f8-3ecc-5512-8e6d-e7ce15e1cfb2
[2021-01-26 08:22:34Z INFO JobRunner] Creating job server with URL: https://pipelines.actions.githubusercontent.com/Iy1yJgWeRGbT6E8Z98hOdu4sLMQqlmRbl6WBAOJPdfeBzpf73t/
[2021-01-26 08:22:34Z INFO GitHubActionsService] Starting operation Location.GetConnectionData
[2021-01-26 08:22:34Z INFO Worker] Listening for cancel message from the channel.
[2021-01-26 08:22:34Z INFO Worker] Waiting for the job to complete or for a cancel message from the channel.
[2021-01-26 08:22:35Z INFO Worker] Cancellation/Shutdown message received.
[2021-01-26 08:22:36Z INFO GitHubActionsService] Finished operation Location.GetConnectionData
[2021-01-26 08:22:36Z INFO JobServerQueue] Start process web console line queue.
[2021-01-26 08:22:36Z INFO JobServerQueue] Start process file upload queue.
[2021-01-26 08:22:36Z INFO JobServerQueue] Start process timeline update queue.
[2021-01-26 08:22:36Z INFO ExecutionContext] Initialize GitHub context
[2021-01-26 08:22:36Z INFO ExecutionContext] Initialize Env context
[2021-01-26 08:22:36Z INFO ConfigurationStore] currentAssemblyLocation: /home/ijarus/Documents/nodejs/hello-world-node-express/actions-runner/bin/Runner.Worker.dll
[2021-01-26 08:22:36Z INFO HostContext] Well known directory 'Bin': '/home/ijarus/Documents/nodejs/hello-world-node-express/actions-runner/bin'
[2021-01-26 08:22:36Z INFO ConfigurationStore] binPath: /home/ijarus/Documents/nodejs/hello-world-node-express/actions-runner/bin
[2021-01-26 08:22:36Z INFO HostContext] Well known directory 'Bin': '/home/ijarus/Documents/nodejs/hello-world-node-express/actions-runner/bin'
[2021-01-26 08:22:36Z INFO HostContext] Well known directory 'Root': '/home/ijarus/Documents/nodejs/hello-world-node-express/actions-runner'
[2021-01-26 08:22:36Z INFO ConfigurationStore] RootFolder: /home/ijarus/Documents/nodejs/hello-world-node-express/actions-runner
[2021-01-26 08:22:36Z INFO HostContext] Well known directory 'Bin': '/home/ijarus/Documents/nodejs/hello-world-node-express/actions-runner/bin'
[2021-01-26 08:22:36Z INFO HostContext] Well known directory 'Root': '/home/ijarus/Documents/nodejs/hello-world-node-express/actions-runner'
[2021-01-26 08:22:36Z INFO HostContext] Well known config file 'Runner': '/home/ijarus/Documents/nodejs/hello-world-node-express/actions-runner/.runner'
[2021-01-26 08:22:36Z INFO ConfigurationStore] ConfigFilePath: /home/ijarus/Documents/nodejs/hello-world-node-express/actions-runner/.runner
[2021-01-26 08:22:36Z INFO HostContext] Well known directory 'Bin': '/home/ijarus/Documents/nodejs/hello-world-node-express/actions-runner/bin'
[2021-01-26 08:22:36Z INFO HostContext] Well known directory 'Root': '/home/ijarus/Documents/nodejs/hello-world-node-express/actions-runner'
[2021-01-26 08:22:36Z INFO HostContext] Well known config file 'Credentials': '/home/ijarus/Documents/nodejs/hello-world-node-express/actions-runner/.credentials'
[2021-01-26 08:22:36Z INFO ConfigurationStore] CredFilePath: /home/ijarus/Documents/nodejs/hello-world-node-express/actions-runner/.credentials
[2021-01-26 08:22:36Z INFO HostContext] Well known directory 'Bin': '/home/ijarus/Documents/nodejs/hello-world-node-express/actions-runner/bin'
[2021-01-26 08:22:36Z INFO HostContext] Well known directory 'Root': '/home/ijarus/Documents/nodejs/hello-world-node-express/actions-runner'
[2021-01-26 08:22:36Z INFO HostContext] Well known config file 'MigratedCredentials': '/home/ijarus/Documents/nodejs/hello-world-node-express/actions-runner/.credentials_migrated'
[2021-01-26 08:22:36Z INFO ConfigurationStore] MigratedCredFilePath: /home/ijarus/Documents/nodejs/hello-world-node-express/actions-runner/.credentials_migrated
[2021-01-26 08:22:36Z INFO HostContext] Well known directory 'Bin': '/home/ijarus/Documents/nodejs/hello-world-node-express/actions-runner/bin'
[2021-01-26 08:22:36Z INFO HostContext] Well known directory 'Root': '/home/ijarus/Documents/nodejs/hello-world-node-express/actions-runner'
[2021-01-26 08:22:36Z INFO HostContext] Well known config file 'Service': '/home/ijarus/Documents/nodejs/hello-world-node-express/actions-runner/.service'
[2021-01-26 08:22:36Z INFO ConfigurationStore] ServiceConfigFilePath: /home/ijarus/Documents/nodejs/hello-world-node-express/actions-runner/.service
[2021-01-26 08:22:36Z INFO ConfigurationStore] Read setting file: 308 chars
[2021-01-26 08:22:36Z INFO HostContext] Well known directory 'Bin': '/home/ijarus/Documents/nodejs/hello-world-node-express/actions-runner/bin'
[2021-01-26 08:22:36Z INFO HostContext] Well known directory 'Root': '/home/ijarus/Documents/nodejs/hello-world-node-express/actions-runner'
[2021-01-26 08:22:36Z INFO HostContext] Well known directory 'Diag': '/home/ijarus/Documents/nodejs/hello-world-node-express/actions-runner/_diag'
[2021-01-26 08:22:36Z INFO JobRunner] Starting the job execution context.
[2021-01-26 08:22:36Z INFO HostContext] Well known directory 'Bin': '/home/ijarus/Documents/nodejs/hello-world-node-express/actions-runner/bin'
[2021-01-26 08:22:36Z INFO HostContext] Well known directory 'Root': '/home/ijarus/Documents/nodejs/hello-world-node-express/actions-runner'
[2021-01-26 08:22:36Z INFO HostContext] Well known directory 'Work': '/home/ijarus/Documents/nodejs/hello-world-node-express/actions-runner/_work'
[2021-01-26 08:22:36Z INFO JobRunner] Validating directory permissions for: '/home/ijarus/Documents/nodejs/hello-world-node-express/actions-runner/_work'
[2021-01-26 08:22:36Z INFO HostContext] Well known directory 'Bin': '/home/ijarus/Documents/nodejs/hello-world-node-express/actions-runner/bin'
[2021-01-26 08:22:36Z INFO HostContext] Well known directory 'Root': '/home/ijarus/Documents/nodejs/hello-world-node-express/actions-runner'
[2021-01-26 08:22:36Z INFO HostContext] Well known directory 'Work': '/home/ijarus/Documents/nodejs/hello-world-node-express/actions-runner/_work'
[2021-01-26 08:22:36Z INFO HostContext] Well known directory 'Tools': '/home/ijarus/Documents/nodejs/hello-world-node-express/actions-runner/_work/_tool'
[2021-01-26 08:22:36Z INFO HostContext] Well known directory 'Bin': '/home/ijarus/Documents/nodejs/hello-world-node-express/actions-runner/bin'
[2021-01-26 08:22:36Z INFO HostContext] Well known directory 'Root': '/home/ijarus/Documents/nodejs/hello-world-node-express/actions-runner'
[2021-01-26 08:22:36Z INFO HostContext] Well known directory 'Work': '/home/ijarus/Documents/nodejs/hello-world-node-express/actions-runner/_work'
[2021-01-26 08:22:36Z INFO HostContext] Well known directory 'Temp': '/home/ijarus/Documents/nodejs/hello-world-node-express/actions-runner/_work/_temp'
[2021-01-26 08:22:36Z ERR  TempDirectoryManager] System.OperationCanceledException: The operation was canceled.
   at System.Linq.Parallel.QueryOperator`1.GetOpenedEnumerator(Nullable`1 mergeOptions, Boolean suppressOrder, Boolean forEffect, QuerySettings querySettings)
   at System.Linq.Parallel.ForAllOperator`1.RunSynchronously()
   at System.Linq.ParallelEnumerable.ForAll[TSource](ParallelQuery`1 source, Action`1 action)
   at GitHub.Runner.Sdk.IOUtil.DeleteDirectory(String path, Boolean contentsOnly, Boolean continueOnContentDeleteError, CancellationToken cancellationToken)
   at GitHub.Runner.Worker.TempDirectoryManager.InitializeTempDirectory(IExecutionContext jobContext)
[2021-01-26 08:22:36Z INFO JobRunner] Getting job extension.
[2021-01-26 08:22:36Z INFO JobRunner] Initialize job. Getting all job steps.
[2021-01-26 08:22:36Z INFO HostContext] Well known directory 'Bin': '/home/ijarus/Documents/nodejs/hello-world-node-express/actions-runner/bin'
[2021-01-26 08:22:36Z INFO HostContext] Well known directory 'Root': '/home/ijarus/Documents/nodejs/hello-world-node-express/actions-runner'
[2021-01-26 08:22:36Z INFO HostContext] Well known directory 'Diag': '/home/ijarus/Documents/nodejs/hello-world-node-express/actions-runner/_diag'
[2021-01-26 08:22:36Z INFO HostContext] Well known directory 'Bin': '/home/ijarus/Documents/nodejs/hello-world-node-express/actions-runner/bin'
[2021-01-26 08:22:36Z INFO HostContext] Well known directory 'Root': '/home/ijarus/Documents/nodejs/hello-world-node-express/actions-runner'
[2021-01-26 08:22:36Z INFO HostContext] Well known config file 'Credentials': '/home/ijarus/Documents/nodejs/hello-world-node-express/actions-runner/.credentials'
[2021-01-26 08:22:36Z INFO HostContext] Well known directory 'Bin': '/home/ijarus/Documents/nodejs/hello-world-node-express/actions-runner/bin'
[2021-01-26 08:22:36Z INFO HostContext] Well known directory 'Root': '/home/ijarus/Documents/nodejs/hello-world-node-express/actions-runner'
[2021-01-26 08:22:36Z INFO HostContext] Well known config file 'SetupInfo': '/home/ijarus/Documents/nodejs/hello-world-node-express/actions-runner/.setup_info'
[2021-01-26 08:22:36Z INFO HostContext] Well known directory 'Bin': '/home/ijarus/Documents/nodejs/hello-world-node-express/actions-runner/bin'
[2021-01-26 08:22:36Z INFO HostContext] Well known directory 'Root': '/home/ijarus/Documents/nodejs/hello-world-node-express/actions-runner'
[2021-01-26 08:22:36Z INFO HostContext] Well known directory 'Work': '/home/ijarus/Documents/nodejs/hello-world-node-express/actions-runner/_work'
[2021-01-26 08:22:36Z INFO PipelineDirectoryManager] Loading tracking config if exists: /home/ijarus/Documents/nodejs/hello-world-node-express/actions-runner/_work/_PipelineMapping/sjnyos/guthubaction-test/PipelineFolder.json
[2021-01-26 08:22:36Z INFO PipelineDirectoryManager] Updating job run properties.
[2021-01-26 08:22:36Z INFO HostContext] Well known directory 'Bin': '/home/ijarus/Documents/nodejs/hello-world-node-express/actions-runner/bin'
[2021-01-26 08:22:36Z INFO HostContext] Well known directory 'Root': '/home/ijarus/Documents/nodejs/hello-world-node-express/actions-runner'
[2021-01-26 08:22:36Z INFO HostContext] Well known directory 'Work': '/home/ijarus/Documents/nodejs/hello-world-node-express/actions-runner/_work'
[2021-01-26 08:22:36Z INFO HostContext] Well known directory 'Bin': '/home/ijarus/Documents/nodejs/hello-world-node-express/actions-runner/bin'
[2021-01-26 08:22:36Z INFO HostContext] Well known directory 'Root': '/home/ijarus/Documents/nodejs/hello-world-node-express/actions-runner'
[2021-01-26 08:22:36Z INFO HostContext] Well known directory 'Work': '/home/ijarus/Documents/nodejs/hello-world-node-express/actions-runner/_work'
[2021-01-26 08:22:36Z INFO HostContext] Well known directory 'Bin': '/home/ijarus/Documents/nodejs/hello-world-node-express/actions-runner/bin'
[2021-01-26 08:22:36Z INFO HostContext] Well known directory 'Root': '/home/ijarus/Documents/nodejs/hello-world-node-express/actions-runner'
[2021-01-26 08:22:36Z INFO HostContext] Well known directory 'Work': '/home/ijarus/Documents/nodejs/hello-world-node-express/actions-runner/_work'
[2021-01-26 08:22:36Z INFO JobExtension] Downloading actions
[2021-01-26 08:22:36Z INFO HostContext] Well known directory 'Bin': '/home/ijarus/Documents/nodejs/hello-world-node-express/actions-runner/bin'
[2021-01-26 08:22:36Z INFO HostContext] Well known directory 'Root': '/home/ijarus/Documents/nodejs/hello-world-node-express/actions-runner'
[2021-01-26 08:22:36Z INFO HostContext] Well known directory 'Work': '/home/ijarus/Documents/nodejs/hello-world-node-express/actions-runner/_work'
[2021-01-26 08:22:36Z INFO HostContext] Well known directory 'Actions': '/home/ijarus/Documents/nodejs/hello-world-node-express/actions-runner/_work/_actions'
[2021-01-26 08:22:36Z ERR  JobExtension] Caught cancellation exception from JobExtension Initialization: System.OperationCanceledException: The operation was canceled.
   at System.Linq.Parallel.QueryOperator`1.GetOpenedEnumerator(Nullable`1 mergeOptions, Boolean suppressOrder, Boolean forEffect, QuerySettings querySettings)
   at System.Linq.Parallel.ForAllOperator`1.RunSynchronously()
   at System.Linq.ParallelEnumerable.ForAll[TSource](ParallelQuery`1 source, Action`1 action)
   at GitHub.Runner.Sdk.IOUtil.DeleteDirectory(String path, Boolean contentsOnly, Boolean continueOnContentDeleteError, CancellationToken cancellationToken)
   at GitHub.Runner.Sdk.IOUtil.DeleteDirectory(String path, CancellationToken cancellationToken)
   at GitHub.Runner.Worker.ActionManager.PrepareActionsAsync(IExecutionContext executionContext, IEnumerable`1 steps)
   at GitHub.Runner.Worker.JobExtension.InitializeJob(IExecutionContext jobContext, AgentJobRequestMessage message)
[2021-01-26 08:22:36Z ERR  JobRunner] Job is canceled during initialize.
[2021-01-26 08:22:36Z ERR  JobRunner] Caught exception: System.OperationCanceledException: The operation was canceled.
   at System.Linq.Parallel.QueryOperator`1.GetOpenedEnumerator(Nullable`1 mergeOptions, Boolean suppressOrder, Boolean forEffect, QuerySettings querySettings)
   at System.Linq.Parallel.ForAllOperator`1.RunSynchronously()
   at System.Linq.ParallelEnumerable.ForAll[TSource](ParallelQuery`1 source, Action`1 action)
   at GitHub.Runner.Sdk.IOUtil.DeleteDirectory(String path, Boolean contentsOnly, Boolean continueOnContentDeleteError, CancellationToken cancellationToken)
   at GitHub.Runner.Sdk.IOUtil.DeleteDirectory(String path, CancellationToken cancellationToken)
   at GitHub.Runner.Worker.ActionManager.PrepareActionsAsync(IExecutionContext executionContext, IEnumerable`1 steps)
   at GitHub.Runner.Worker.JobExtension.InitializeJob(IExecutionContext jobContext, AgentJobRequestMessage message)
   at GitHub.Runner.Worker.JobRunner.RunAsync(AgentJobRequestMessage message, CancellationToken jobRequestCancellationToken)
[2021-01-26 08:22:36Z INFO JobRunner] Shutting down the job server queue.
[2021-01-26 08:22:36Z INFO JobServerQueue] Fire signal to shutdown all queues.
[2021-01-26 08:22:37Z INFO JobServerQueue] All queue process task stopped.
[2021-01-26 08:22:37Z INFO JobServerQueue] Try to append 1 batches web console lines for record 'bb6b2bf8-1b49-469b-be69-2088079d80d7', success rate: 1/1.
[2021-01-26 08:22:37Z INFO JobServerQueue] Web console line queue drained.
[2021-01-26 08:22:37Z INFO JobServerQueue] Uploading 2 files in one shot.
[2021-01-26 08:22:39Z INFO JobServerQueue] Try to upload 2 log files or attachments, success rate: 2/2.
[2021-01-26 08:22:39Z INFO JobServerQueue] File upload queue drained.
[2021-01-26 08:22:39Z INFO JobServerQueue] Timeline update queue drained.
[2021-01-26 08:22:39Z INFO JobServerQueue] All queue process tasks have been stopped, and all queues are drained.
[2021-01-26 08:22:39Z INFO TempDirectoryManager] Cleaning runner temp folder: /home/ijarus/Documents/nodejs/hello-world-node-express/actions-runner/_work/_temp
[2021-01-26 08:22:39Z INFO JobRunner] Raising job completed event.
